<?xml version="1.0" encoding="UTF-8"?>
<!-- Generated by org.testng.reporters.JUnitReportReporter -->
<testsuite hostname="LENOVO" failures="0" tests="1" name="testPa.HelloTestClass" time="0.017" errors="0" timestamp="2021-10-20T18:10:26 IST" skipped="0">
  <testcase classname="testPa.HelloTestClass" name="testRun" time="0.017"/>
  <system-out/>
</testsuite> <!-- testPa.HelloTestClass -->
